<?xml version="1.0" encoding="UTF-8"?>
<testng-results ignored="0" total="3" passed="3" failed="0" skipped="0">
  <reporter-output>
  </reporter-output>
  <suite started-at="2022-09-21T17:43:21 EET" name="All Test Suite" finished-at="2022-09-21T17:43:31 EET" duration-ms="10721">
    <groups>
    </groups>
    <test started-at="2022-09-21T17:43:21 EET" name="E:/ITworx/src/test" finished-at="2022-09-21T17:43:31 EET" duration-ms="10721">
      <class name="tests.EndToEndScenario">
        <test-method is-config="true" signature="setEnvironment()[pri:0, instance:tests.EndToEndScenario@15515c51]" started-at="2022-09-21T17:43:15 EET" name="setEnvironment" finished-at="2022-09-21T17:43:21 EET" duration-ms="5742" status="PASS">
          <reporter-output>
          </reporter-output>
        </test-method> <!-- setEnvironment -->
        <test-method is-config="true" signature="initialize()[pri:0, instance:tests.EndToEndScenario@15515c51]" started-at="2022-09-21T17:43:21 EET" name="initialize" finished-at="2022-09-21T17:43:21 EET" duration-ms="171" status="PASS">
          <reporter-output>
          </reporter-output>
        </test-method> <!-- initialize -->
        <test-method signature="RegisterTest()[pri:0, instance:tests.EndToEndScenario@15515c51]" started-at="2022-09-21T17:43:21 EET" name="RegisterTest" finished-at="2022-09-21T17:43:25 EET" duration-ms="4218" status="PASS">
          <reporter-output>
          </reporter-output>
        </test-method> <!-- RegisterTest -->
        <test-method is-config="true" signature="initialize()[pri:0, instance:tests.EndToEndScenario@15515c51]" started-at="2022-09-21T17:43:25 EET" name="initialize" finished-at="2022-09-21T17:43:25 EET" duration-ms="0" status="PASS">
          <reporter-output>
          </reporter-output>
        </test-method> <!-- initialize -->
        <test-method signature="login()[pri:0, instance:tests.EndToEndScenario@15515c51]" started-at="2022-09-21T17:43:25 EET" name="login" finished-at="2022-09-21T17:43:27 EET" duration-ms="1800" status="PASS">
          <reporter-output>
          </reporter-output>
        </test-method> <!-- login -->
        <test-method is-config="true" signature="initialize()[pri:0, instance:tests.EndToEndScenario@15515c51]" started-at="2022-09-21T17:43:27 EET" name="initialize" finished-at="2022-09-21T17:43:27 EET" duration-ms="0" status="PASS">
          <reporter-output>
          </reporter-output>
        </test-method> <!-- initialize -->
        <test-method signature="purchasingProduct()[pri:0, instance:tests.EndToEndScenario@15515c51]" started-at="2022-09-21T17:43:27 EET" name="purchasingProduct" finished-at="2022-09-21T17:43:31 EET" duration-ms="4324" status="PASS">
          <reporter-output>
          </reporter-output>
        </test-method> <!-- purchasingProduct -->
        <test-method is-config="true" signature="tearDown()[pri:0, instance:tests.EndToEndScenario@15515c51]" started-at="2022-09-21T17:43:31 EET" name="tearDown" finished-at="2022-09-21T17:43:32 EET" duration-ms="636" status="PASS">
          <reporter-output>
          </reporter-output>
        </test-method> <!-- tearDown -->
      </class> <!-- tests.EndToEndScenario -->
    </test> <!-- E:/ITworx/src/test -->
  </suite> <!-- All Test Suite -->
</testng-results>
